<?xml version="1.0" encoding="UTF-8"?>
<coverage generated="1626651668">
  <project timestamp="1626651668">
    <file name="C:\xampp\htdocs\saving-iterator\fakes\Indifferent.php">
      <metrics loc="21" ncloc="9" classes="0" methods="0" coveredmethods="0" conditionals="0" coveredconditionals="0" statements="0" coveredstatements="0" elements="0" coveredelements="0"/>
    </file>
    <file name="C:\xampp\htdocs\saving-iterator\fakes\TimesCalled.php">
      <class name="MaxGoryunov\SavingIterator\Fakes\TimesCalled" namespace="global">
        <metrics complexity="4" methods="3" coveredmethods="3" conditionals="0" coveredconditionals="0" statements="7" coveredstatements="7" elements="10" coveredelements="10"/>
      </class>
      <line num="40" type="method" name="__construct" visibility="public" complexity="1" crap="1" count="2"/>
      <line num="42" type="stmt" count="2"/>
      <line num="43" type="stmt" count="2"/>
      <line num="44" type="stmt" count="2"/>
      <line num="51" type="method" name="value" visibility="public" complexity="1" crap="1" count="2"/>
      <line num="53" type="stmt" count="2"/>
      <line num="60" type="method" name="__call" visibility="public" complexity="2" crap="2" count="1"/>
      <line num="62" type="stmt" count="1"/>
      <line num="63" type="stmt" count="1"/>
      <line num="65" type="stmt" count="1"/>
      <metrics loc="67" ncloc="31" classes="1" methods="3" coveredmethods="3" conditionals="0" coveredconditionals="0" statements="7" coveredstatements="7" elements="10" coveredelements="10"/>
    </file>
    <file name="C:\xampp\htdocs\saving-iterator\fakes\TransparentIterator.php">
      <class name="MaxGoryunov\SavingIterator\Fakes\TransparentIterator" namespace="global">
        <metrics complexity="6" methods="6" coveredmethods="6" conditionals="0" coveredconditionals="0" statements="9" coveredstatements="9" elements="15" coveredelements="15"/>
      </class>
      <line num="31" type="method" name="__construct" visibility="public" complexity="1" crap="1" count="1"/>
      <line num="33" type="stmt" count="1"/>
      <line num="34" type="stmt" count="1"/>
      <line num="39" type="method" name="current" visibility="public" complexity="1" crap="1" count="1"/>
      <line num="41" type="stmt" count="1"/>
      <line num="47" type="method" name="key" visibility="public" complexity="1" crap="1" count="1"/>
      <line num="49" type="stmt" count="1"/>
      <line num="55" type="method" name="valid" visibility="public" complexity="1" crap="1" count="1"/>
      <line num="57" type="stmt" count="1"/>
      <line num="63" type="method" name="next" visibility="public" complexity="1" crap="1" count="1"/>
      <line num="65" type="stmt" count="1"/>
      <line num="66" type="stmt" count="1"/>
      <line num="71" type="method" name="rewind" visibility="public" complexity="1" crap="1" count="1"/>
      <line num="73" type="stmt" count="1"/>
      <line num="74" type="stmt" count="1"/>
      <metrics loc="75" ncloc="41" classes="1" methods="6" coveredmethods="6" conditionals="0" coveredconditionals="0" statements="9" coveredstatements="9" elements="15" coveredelements="15"/>
    </file>
    <file name="C:\xampp\htdocs\saving-iterator\src\SavingIterator.php">
      <class name="MaxGoryunov\SavingIterator\Src\SavingIterator" namespace="global">
        <metrics complexity="12" methods="6" coveredmethods="5" conditionals="0" coveredconditionals="0" statements="15" coveredstatements="14" elements="21" coveredelements="19"/>
      </class>
      <line num="35" type="method" name="__construct" visibility="public" complexity="1" crap="1" count="5"/>
      <line num="37" type="stmt" count="5"/>
      <line num="38" type="stmt" count="5"/>
      <line num="44" type="method" name="current" visibility="public" complexity="3" crap="3" count="6"/>
      <line num="46" type="stmt" count="6"/>
      <line num="47" type="stmt" count="6"/>
      <line num="49" type="stmt" count="6"/>
      <line num="56" type="method" name="key" visibility="public" complexity="3" crap="3.33" count="6"/>
      <line num="58" type="stmt" count="6"/>
      <line num="59" type="stmt" count="0"/>
      <line num="61" type="stmt" count="6"/>
      <line num="67" type="method" name="valid" visibility="public" complexity="2" crap="2" count="6"/>
      <line num="69" type="stmt" count="6"/>
      <line num="75" type="method" name="next" visibility="public" complexity="2" crap="2" count="6"/>
      <line num="77" type="stmt" count="6"/>
      <line num="78" type="stmt" count="6"/>
      <line num="80" type="stmt" count="6"/>
      <line num="81" type="stmt" count="6"/>
      <line num="86" type="method" name="rewind" visibility="public" complexity="1" crap="1" count="6"/>
      <line num="88" type="stmt" count="6"/>
      <line num="89" type="stmt" count="6"/>
      <metrics loc="90" ncloc="51" classes="1" methods="6" coveredmethods="5" conditionals="0" coveredconditionals="0" statements="15" coveredstatements="14" elements="21" coveredelements="19"/>
    </file>
    <metrics files="4" loc="253" ncloc="132" classes="3" methods="15" coveredmethods="14" conditionals="0" coveredconditionals="0" statements="31" coveredstatements="30" elements="46" coveredelements="44"/>
  </project>
</coverage>
